<?xml version="1.0" encoding="UTF-8"?>
<robot generator="Robot 7.4.1 (Python 3.13.5 on win32)" generated="2026-03-27T12:23:03.308541" rpa="false" schemaversion="5">
<suite id="s1" name="Parkolo" source="C:\Users\MeszarosGergo\Desktop\parkolo">
<suite id="s1-s1" name="Signins" source="C:\Users\MeszarosGergo\Desktop\parkolo\signins.robot">
<test id="s1-s1-t1" name="Kijelentkezes utan vedett oldalak eleresenek tiltasa" line="76">
<kw name="Open Browser" owner="Selenium2Library">
<msg time="2026-03-27T12:23:03.487990" level="INFO">Opening browser 'firefox' to base url 'https://parking-garage-app.netlify.app/'.</msg>
<msg time="2026-03-27T12:23:03.601773" level="WARN">Error sending stats to Plausible: error sending request for url (https://plausible.io/api/event)</msg>
<arg>https://parking-garage-app.netlify.app/</arg>
<arg>firefox</arg>
<doc>Opens a new browser instance to the optional ``url``.</doc>
<status status="PASS" start="2026-03-27T12:23:03.487700" elapsed="6.198743"/>
</kw>
<kw name="Click Element" owner="Selenium2Library">
<msg time="2026-03-27T12:23:09.687177" level="INFO">Clicking element '//*[@id="login-link"]'.</msg>
<arg>//*[@id="login-link"]</arg>
<doc>Click the element identified by ``locator``.</doc>
<status status="PASS" start="2026-03-27T12:23:09.686791" elapsed="0.099798"/>
</kw>
<kw name="Wait Until Page Contains Element" owner="Selenium2Library">
<arg>//*[@id="email"]</arg>
<doc>Waits until the element ``locator`` appears on the current page.</doc>
<status status="PASS" start="2026-03-27T12:23:09.786878" elapsed="0.010991"/>
</kw>
<kw name="Input Text" owner="Selenium2Library">
<msg time="2026-03-27T12:23:09.798397" level="INFO">Typing text 'meszaros.gergo@diak.szbi-pg.hu' into text field '//*[@id="email"]'.</msg>
<arg>//*[@id="email"]</arg>
<arg>meszaros.gergo@diak.szbi-pg.hu</arg>
<doc>Types the given ``text`` into the text field identified by ``locator``.</doc>
<status status="PASS" start="2026-03-27T12:23:09.798143" elapsed="0.022827"/>
</kw>
<kw name="Input Password" owner="Selenium2Library">
<msg time="2026-03-27T12:23:09.821604" level="INFO">Typing password into text field '//*[@id="password"]'.</msg>
<msg time="2026-03-27T12:23:09.841603" level="INFO">Temporally setting log level to: NONE</msg>
<arg>locator=//*[@id="password"]</arg>
<arg>password=asdfasdf</arg>
<doc>Types the given password into the text field identified by ``locator``.</doc>
<status status="PASS" start="2026-03-27T12:23:09.821235" elapsed="0.026201"/>
</kw>
<kw name="Click Button" owner="Selenium2Library">
<msg time="2026-03-27T12:23:09.847960" level="INFO">Clicking button '//*[@id="login-button"]'.</msg>
<arg>//*[@id="login-button"]</arg>
<doc>Clicks the button identified by ``locator``.</doc>
<status status="PASS" start="2026-03-27T12:23:09.847710" elapsed="0.087100"/>
</kw>
<kw name="Wait Until Page Contains" owner="Selenium2Library">
<arg>Kijelentkezés</arg>
<doc>Waits until ``text`` appears on the current page.</doc>
<status status="PASS" start="2026-03-27T12:23:09.935308" elapsed="0.210092"/>
</kw>
<status status="PASS" start="2026-03-27T12:23:03.485369" elapsed="6.660554"/>
</test>
<status status="PASS" start="2026-03-27T12:23:03.342571" elapsed="6.807737"/>
</suite>
<status status="PASS" start="2026-03-27T12:23:03.312023" elapsed="6.843286"/>
</suite>
<statistics>
<total>
<stat pass="1" fail="0" skip="0">All Tests</stat>
</total>
<tag>
</tag>
<suite>
<stat name="Parkolo" id="s1" pass="1" fail="0" skip="0">Parkolo</stat>
<stat name="Signins" id="s1-s1" pass="1" fail="0" skip="0">Parkolo.Signins</stat>
</suite>
</statistics>
<errors>
<msg time="2026-03-27T12:23:03.601773" level="WARN">Error sending stats to Plausible: error sending request for url (https://plausible.io/api/event)</msg>
</errors>
</robot>
