<?xml version="1.0" encoding="UTF-8"?>
<robot generator="Robot 7.4.1 (Python 3.13.5 on win32)" generated="2026-03-27T12:14:57.173933" rpa="false" schemaversion="5">
<suite id="s1" name="Parkolo" source="C:\Users\MeszarosGergo\Desktop\parkolo">
<suite id="s1-s1" name="Signins" source="C:\Users\MeszarosGergo\Desktop\parkolo\signins.robot">
<test id="s1-s1-t1" name="Ures mezok email" line="44">
<kw name="Open Browser" owner="Selenium2Library">
<msg time="2026-03-27T12:14:57.344948" level="INFO">Opening browser 'firefox' to base url 'https://parking-garage-app.netlify.app/'.</msg>
<arg>https://parking-garage-app.netlify.app/</arg>
<arg>firefox</arg>
<doc>Opens a new browser instance to the optional ``url``.</doc>
<status status="PASS" start="2026-03-27T12:14:57.344652" elapsed="5.838529"/>
</kw>
<kw name="Click Element" owner="Selenium2Library">
<msg time="2026-03-27T12:15:03.183951" level="INFO">Clicking element '//*[@id="login-link"]'.</msg>
<arg>//*[@id="login-link"]</arg>
<doc>Click the element identified by ``locator``.</doc>
<status status="PASS" start="2026-03-27T12:15:03.183496" elapsed="0.100994"/>
</kw>
<kw name="Wait Until Page Contains Element" owner="Selenium2Library">
<arg>//*[@id="email"]</arg>
<doc>Waits until the element ``locator`` appears on the current page.</doc>
<status status="PASS" start="2026-03-27T12:15:03.284873" elapsed="0.205032"/>
</kw>
<kw name="Input Text" owner="Selenium2Library">
<msg time="2026-03-27T12:15:03.490481" level="INFO">Typing text '' into text field '//*[@id="email"]'.</msg>
<arg>//*[@id="email"]</arg>
<arg>text=</arg>
<doc>Types the given ``text`` into the text field identified by ``locator``.</doc>
<status status="PASS" start="2026-03-27T12:15:03.490188" elapsed="0.022699"/>
</kw>
<kw name="Input Password" owner="Selenium2Library">
<msg time="2026-03-27T12:15:03.513603" level="INFO">Typing password into text field '//*[@id="password"]'.</msg>
<msg time="2026-03-27T12:15:03.526326" level="INFO">Temporally setting log level to: NONE</msg>
<arg>locator=//*[@id="password"]</arg>
<arg>password=asdf</arg>
<doc>Types the given password into the text field identified by ``locator``.</doc>
<status status="PASS" start="2026-03-27T12:15:03.513243" elapsed="0.024307"/>
</kw>
<kw name="Click Button" owner="Selenium2Library">
<msg time="2026-03-27T12:15:03.538237" level="INFO">Clicking button '//*[@id="login-button"]'.</msg>
<arg>//*[@id="login-button"]</arg>
<doc>Clicks the button identified by ``locator``.</doc>
<status status="PASS" start="2026-03-27T12:15:03.537943" elapsed="0.096572"/>
</kw>
<kw name="Execute Javascript" owner="Selenium2Library">
<msg time="2026-03-27T12:15:03.635498" level="INFO">Executing JavaScript:
const el=document.querySelector(':invalid'); return el ? el.validationMessage : '';
Without any arguments.</msg>
<msg time="2026-03-27T12:15:03.638772" level="INFO">${msg} = None</msg>
<var>${msg}</var>
<arg>const el=document.querySelector(':invalid'); return el ? el.validationMessage : '';</arg>
<doc>Executes the given JavaScript code with possible arguments.</doc>
<status status="PASS" start="2026-03-27T12:15:03.634858" elapsed="0.004070"/>
</kw>
<kw name="Should Not Be Empty" owner="BuiltIn">
<msg time="2026-03-27T12:15:03.639672" level="FAIL">Could not get length of 'None'.</msg>
<arg>${msg}</arg>
<doc>Verifies that the given item is not empty.</doc>
<status status="FAIL" start="2026-03-27T12:15:03.639188" elapsed="0.004415">Could not get length of 'None'.</status>
</kw>
<kw name="Sleep" owner="BuiltIn">
<arg>1s</arg>
<doc>Pauses the test executed for the given time.</doc>
<status status="NOT RUN" start="2026-03-27T12:15:03.643891" elapsed="0.000114"/>
</kw>
<kw name="Page Should Not Contain" owner="Selenium2Library">
<arg>Kijelentkezés</arg>
<doc>Verifies the current page does not contain ``text``.</doc>
<status status="NOT RUN" start="2026-03-27T12:15:03.644263" elapsed="0.000101"/>
</kw>
<kw name="Close All Browsers" owner="Selenium2Library">
<doc>Closes all open browsers and resets the browser cache.</doc>
<status status="NOT RUN" start="2026-03-27T12:15:03.644507" elapsed="0.000075"/>
</kw>
<status status="FAIL" start="2026-03-27T12:14:57.342395" elapsed="6.302364">Could not get length of 'None'.</status>
</test>
<status status="FAIL" start="2026-03-27T12:14:57.200356" elapsed="6.448037"/>
</suite>
<status status="FAIL" start="2026-03-27T12:14:57.177419" elapsed="6.473181"/>
</suite>
<statistics>
<total>
<stat pass="0" fail="1" skip="0">All Tests</stat>
</total>
<tag>
</tag>
<suite>
<stat name="Parkolo" id="s1" pass="0" fail="1" skip="0">Parkolo</stat>
<stat name="Signins" id="s1-s1" pass="0" fail="1" skip="0">Parkolo.Signins</stat>
</suite>
</statistics>
<errors>
</errors>
</robot>
